<?xml version="1.0" encoding="UTF-8"?>
<testng-results ignored="0" total="1" passed="1" failed="0" skipped="0">
  <reporter-output>
  </reporter-output>
  <suite started-at="2024-06-13T20:39:50 IST" name="Default suite" finished-at="2024-06-13T20:40:12 IST" duration-ms="21807">
    <groups>
    </groups>
    <test started-at="2024-06-13T20:39:50 IST" name="Default test" finished-at="2024-06-13T20:40:12 IST" duration-ms="21807">
      <class name="com.appium.training.demo.Demo3">
        <test-method is-config="true" signature="beforeMethod()[pri:0, instance:com.appium.training.demo.Demo3@37654521]" started-at="2024-06-13T20:39:50 IST" name="beforeMethod" finished-at="2024-06-13T20:40:04 IST" duration-ms="13948" status="PASS">
          <reporter-output>
          </reporter-output>
        </test-method> <!-- beforeMethod -->
        <test-method signature="f()[pri:0, instance:com.appium.training.demo.Demo3@37654521]" started-at="2024-06-13T20:40:04 IST" name="f" finished-at="2024-06-13T20:40:12 IST" duration-ms="7824" status="PASS">
          <reporter-output>
          </reporter-output>
        </test-method> <!-- f -->
        <test-method is-config="true" signature="afterMethod()[pri:0, instance:com.appium.training.demo.Demo3@37654521]" started-at="2024-06-13T20:40:12 IST" name="afterMethod" finished-at="2024-06-13T20:40:12 IST" duration-ms="0" status="PASS">
          <reporter-output>
          </reporter-output>
        </test-method> <!-- afterMethod -->
      </class> <!-- com.appium.training.demo.Demo3 -->
    </test> <!-- Default test -->
  </suite> <!-- Default suite -->
</testng-results>
